<?xml version="1.0" encoding="UTF-8"?>
<testng-results skipped="0" failed="0" ignored="0" total="1" passed="1">
  <reporter-output>
  </reporter-output>
  <suite name="Default suite" duration-ms="29" started-at="2020-04-23T11:34:36Z" finished-at="2020-04-23T11:34:36Z">
    <groups>
    </groups>
    <test name="Default test" duration-ms="29" started-at="2020-04-23T11:34:36Z" finished-at="2020-04-23T11:34:36Z">
      <class name="MavenPro.MavenPro.NewPro">
        <test-method status="PASS" signature="before()[pri:0, instance:MavenPro.MavenPro.NewPro@319b92f3]" name="before" is-config="true" duration-ms="6" started-at="2020-04-23T11:34:36Z" finished-at="2020-04-23T11:34:36Z">
          <reporter-output>
          </reporter-output>
        </test-method> <!-- before -->
        <test-method status="PASS" signature="test1()[pri:0, instance:MavenPro.MavenPro.NewPro@319b92f3]" name="test1" duration-ms="5" started-at="2020-04-23T11:34:36Z" finished-at="2020-04-23T11:34:36Z">
          <reporter-output>
          </reporter-output>
        </test-method> <!-- test1 -->
      </class> <!-- MavenPro.MavenPro.NewPro -->
    </test> <!-- Default test -->
  </suite> <!-- Default suite -->
</testng-results>
